data/imgs/lines_h128/c04-156-00.jpg
data/imgs/lines_h128/c04-156-01.jpg
data/imgs/lines_h128/c04-156-02.jpg
data/imgs/lines_h128/c04-156-03.jpg
data/imgs/lines_h128/c04-156-04.jpg
data/imgs/lines_h128/c04-156-05.jpg
data/imgs/lines_h128/c04-156-06.jpg
data/imgs/lines_h128/c06-083-00.jpg
data/imgs/lines_h128/c06-083-01.jpg
data/imgs/lines_h128/c06-083-02.jpg
data/imgs/lines_h128/c06-083-03.jpg
data/imgs/lines_h128/c06-083-04.jpg
data/imgs/lines_h128/c06-083-05.jpg
data/imgs/lines_h128/c06-083-06.jpg
data/imgs/lines_h128/c06-083-07.jpg
data/imgs/lines_h128/c06-083-08.jpg
data/imgs/lines_h128/d01-024-00.jpg
data/imgs/lines_h128/d01-024-01.jpg
data/imgs/lines_h128/d01-024-02.jpg
data/imgs/lines_h128/d01-024-03.jpg
data/imgs/lines_h128/d01-024-04.jpg
data/imgs/lines_h128/d01-024-05.jpg
data/imgs/lines_h128/d01-024-06.jpg
data/imgs/lines_h128/d01-024-07.jpg
data/imgs/lines_h128/d01-024-08.jpg
data/imgs/lines_h128/d01-056-00.jpg
data/imgs/lines_h128/d01-056-01.jpg
data/imgs/lines_h128/d01-056-02.jpg
data/imgs/lines_h128/d01-056-03.jpg
data/imgs/lines_h128/d01-056-04.jpg
data/imgs/lines_h128/d01-056-05.jpg
data/imgs/lines_h128/d01-056-06.jpg
data/imgs/lines_h128/d01-056-07.jpg
data/imgs/lines_h128/d01-056-08.jpg
data/imgs/lines_h128/d01-056-09.jpg
data/imgs/lines_h128/d01-060-00.jpg
data/imgs/lines_h128/d01-060-01.jpg
data/imgs/lines_h128/d01-060-02.jpg
data/imgs/lines_h128/d01-060-03.jpg
data/imgs/lines_h128/d01-060-04.jpg
data/imgs/lines_h128/d01-060-05.jpg
data/imgs/lines_h128/d01-060-06.jpg
data/imgs/lines_h128/d01-060-07.jpg
data/imgs/lines_h128/d01-060-08.jpg
data/imgs/lines_h128/d01-060-09.jpg
data/imgs/lines_h128/d03-112-00.jpg
data/imgs/lines_h128/d03-112-01.jpg
data/imgs/lines_h128/d03-112-02.jpg
data/imgs/lines_h128/d03-112-03.jpg
data/imgs/lines_h128/d03-112-04.jpg
data/imgs/lines_h128/d03-112-05.jpg
data/imgs/lines_h128/d03-112-06.jpg
data/imgs/lines_h128/d03-112-07.jpg
data/imgs/lines_h128/d03-112-08.jpg
data/imgs/lines_h128/d04-005-00.jpg
data/imgs/lines_h128/d04-005-01.jpg
data/imgs/lines_h128/d04-005-02.jpg
data/imgs/lines_h128/d04-005-03.jpg
data/imgs/lines_h128/d04-005-04.jpg
data/imgs/lines_h128/d04-005-05.jpg
data/imgs/lines_h128/d04-005-06.jpg
data/imgs/lines_h128/d04-005-07.jpg
data/imgs/lines_h128/d04-008-00.jpg
data/imgs/lines_h128/d04-008-01.jpg
data/imgs/lines_h128/d04-008-02.jpg
data/imgs/lines_h128/d04-008-03.jpg
data/imgs/lines_h128/d04-008-04.jpg
data/imgs/lines_h128/d04-008-05.jpg
data/imgs/lines_h128/d04-071-00.jpg
data/imgs/lines_h128/d04-071-01.jpg
data/imgs/lines_h128/d04-071-02.jpg
data/imgs/lines_h128/d04-071-03.jpg
data/imgs/lines_h128/d04-071-04.jpg
data/imgs/lines_h128/d04-071-05.jpg
data/imgs/lines_h128/d04-071-06.jpg
data/imgs/lines_h128/d04-071-07.jpg
data/imgs/lines_h128/d04-075-00.jpg
data/imgs/lines_h128/d04-075-01.jpg
data/imgs/lines_h128/d04-075-02.jpg
data/imgs/lines_h128/d04-075-03.jpg
data/imgs/lines_h128/d04-075-04.jpg
data/imgs/lines_h128/d04-075-05.jpg
data/imgs/lines_h128/d04-075-06.jpg
data/imgs/lines_h128/d04-075-07.jpg
data/imgs/lines_h128/d04-075-08.jpg
data/imgs/lines_h128/d04-075-09.jpg
data/imgs/lines_h128/d04-081-00.jpg
data/imgs/lines_h128/d04-081-01.jpg
data/imgs/lines_h128/d04-081-02.jpg
data/imgs/lines_h128/d04-081-03.jpg
data/imgs/lines_h128/d04-081-04.jpg
data/imgs/lines_h128/d04-081-05.jpg
data/imgs/lines_h128/d04-081-06.jpg
data/imgs/lines_h128/d04-081-07.jpg
data/imgs/lines_h128/d04-081-08.jpg
data/imgs/lines_h128/d04-117-00.jpg
data/imgs/lines_h128/d04-117-01.jpg
data/imgs/lines_h128/d04-117-02.jpg
data/imgs/lines_h128/d04-117-03.jpg
data/imgs/lines_h128/d04-117-04.jpg
data/imgs/lines_h128/d04-117-05.jpg
data/imgs/lines_h128/d04-117-06.jpg
data/imgs/lines_h128/d04-117-07.jpg
data/imgs/lines_h128/d04-121-00.jpg
data/imgs/lines_h128/d04-121-01.jpg
data/imgs/lines_h128/d04-121-02.jpg
data/imgs/lines_h128/d04-121-03.jpg
data/imgs/lines_h128/d04-121-04.jpg
data/imgs/lines_h128/d04-121-05.jpg
data/imgs/lines_h128/d04-121-06.jpg
data/imgs/lines_h128/d06-000-00.jpg
data/imgs/lines_h128/d06-000-01.jpg
data/imgs/lines_h128/d06-000-02.jpg
data/imgs/lines_h128/d06-000-03.jpg
data/imgs/lines_h128/d06-000-04.jpg
data/imgs/lines_h128/d06-000-05.jpg
data/imgs/lines_h128/d06-000-06.jpg
data/imgs/lines_h128/d06-000-07.jpg
data/imgs/lines_h128/d06-000-08.jpg
data/imgs/lines_h128/d06-000-09.jpg
data/imgs/lines_h128/d06-015-00.jpg
data/imgs/lines_h128/d06-015-01.jpg
data/imgs/lines_h128/d06-015-02.jpg
data/imgs/lines_h128/d06-015-03.jpg
data/imgs/lines_h128/d06-015-04.jpg
data/imgs/lines_h128/d06-015-05.jpg
data/imgs/lines_h128/d06-030-00.jpg
data/imgs/lines_h128/d06-030-01.jpg
data/imgs/lines_h128/d06-030-02.jpg
data/imgs/lines_h128/d06-030-03.jpg
data/imgs/lines_h128/d06-030-04.jpg
data/imgs/lines_h128/d06-030-05.jpg
data/imgs/lines_h128/d06-050-00.jpg
data/imgs/lines_h128/d06-050-01.jpg
data/imgs/lines_h128/d06-050-02.jpg
data/imgs/lines_h128/d06-050-03.jpg
data/imgs/lines_h128/d06-050-04.jpg
data/imgs/lines_h128/d06-050-05.jpg
data/imgs/lines_h128/d06-050-06.jpg
data/imgs/lines_h128/d06-082-00.jpg
data/imgs/lines_h128/d06-082-01.jpg
data/imgs/lines_h128/d06-082-02.jpg
data/imgs/lines_h128/d06-082-03.jpg
data/imgs/lines_h128/d06-082-04.jpg
data/imgs/lines_h128/d06-082-05.jpg
data/imgs/lines_h128/d06-091-00.jpg
data/imgs/lines_h128/d06-091-01.jpg
data/imgs/lines_h128/d06-091-02.jpg
data/imgs/lines_h128/d06-091-03.jpg
data/imgs/lines_h128/d06-091-04.jpg
data/imgs/lines_h128/d06-091-05.jpg
data/imgs/lines_h128/d06-091-06.jpg
data/imgs/lines_h128/d06-091-07.jpg
data/imgs/lines_h128/d06-091-08.jpg
data/imgs/lines_h128/d06-091-09.jpg
data/imgs/lines_h128/d06-091-10.jpg
data/imgs/lines_h128/e01-014-00.jpg
data/imgs/lines_h128/e01-014-01.jpg
data/imgs/lines_h128/e01-014-02.jpg
data/imgs/lines_h128/e01-014-03.jpg
data/imgs/lines_h128/e01-014-04.jpg
data/imgs/lines_h128/e01-014-05.jpg
data/imgs/lines_h128/e01-014-06.jpg
data/imgs/lines_h128/e01-018-00.jpg
data/imgs/lines_h128/e01-018-01.jpg
data/imgs/lines_h128/e01-018-02.jpg
data/imgs/lines_h128/e01-018-03.jpg
data/imgs/lines_h128/e01-018-04.jpg
data/imgs/lines_h128/e01-018-05.jpg
data/imgs/lines_h128/e01-018-06.jpg
data/imgs/lines_h128/e01-018-07.jpg
data/imgs/lines_h128/e01-018-08.jpg
data/imgs/lines_h128/e06-006-00.jpg
data/imgs/lines_h128/e06-006-01.jpg
data/imgs/lines_h128/e06-006-02.jpg
data/imgs/lines_h128/e06-006-03.jpg
data/imgs/lines_h128/e06-006-04.jpg
data/imgs/lines_h128/e06-006-05.jpg
data/imgs/lines_h128/e06-006-06.jpg
data/imgs/lines_h128/e06-006-07.jpg
data/imgs/lines_h128/e06-006-08.jpg
data/imgs/lines_h128/e06-006-09.jpg
data/imgs/lines_h128/e06-006-10.jpg
data/imgs/lines_h128/e06-037-00.jpg
data/imgs/lines_h128/e06-037-01.jpg
data/imgs/lines_h128/e06-037-02.jpg
data/imgs/lines_h128/e06-037-03.jpg
data/imgs/lines_h128/e06-037-04.jpg
data/imgs/lines_h128/e06-037-05.jpg
data/imgs/lines_h128/e06-037-06.jpg
data/imgs/lines_h128/e06-037-07.jpg
data/imgs/lines_h128/e06-037-08.jpg
data/imgs/lines_h128/e06-037-09.jpg
data/imgs/lines_h128/e06-037-10.jpg
data/imgs/lines_h128/e06-041-00.jpg
data/imgs/lines_h128/e06-041-01.jpg
data/imgs/lines_h128/e06-041-02.jpg
data/imgs/lines_h128/e06-041-03.jpg
data/imgs/lines_h128/e06-041-04.jpg
data/imgs/lines_h128/e06-041-05.jpg
data/imgs/lines_h128/e06-041-06.jpg
data/imgs/lines_h128/e06-041-07.jpg
data/imgs/lines_h128/e06-041-08.jpg
data/imgs/lines_h128/e06-041-09.jpg
data/imgs/lines_h128/f04-046-00.jpg
data/imgs/lines_h128/f04-046-01.jpg
data/imgs/lines_h128/f04-046-02.jpg
data/imgs/lines_h128/f04-046-03.jpg
data/imgs/lines_h128/f04-046-04.jpg
data/imgs/lines_h128/f04-046-05.jpg
data/imgs/lines_h128/f04-049-00.jpg
data/imgs/lines_h128/f04-049-01.jpg
data/imgs/lines_h128/f04-049-02.jpg
data/imgs/lines_h128/f04-049-03.jpg
data/imgs/lines_h128/f04-049-04.jpg
data/imgs/lines_h128/f04-049-05.jpg
data/imgs/lines_h128/f04-049-06.jpg
data/imgs/lines_h128/f04-093-00.jpg
data/imgs/lines_h128/f04-093-01.jpg
data/imgs/lines_h128/f04-093-02.jpg
data/imgs/lines_h128/f04-093-03.jpg
data/imgs/lines_h128/f04-093-04.jpg
data/imgs/lines_h128/f04-093-05.jpg
data/imgs/lines_h128/f04-093-06.jpg
data/imgs/lines_h128/f04-093-07.jpg
data/imgs/lines_h128/f04-093-08.jpg
data/imgs/lines_h128/f04-093-09.jpg
data/imgs/lines_h128/f04-096-00.jpg
data/imgs/lines_h128/f04-096-01.jpg
data/imgs/lines_h128/f04-096-02.jpg
data/imgs/lines_h128/f04-096-03.jpg
data/imgs/lines_h128/f04-096-04.jpg
data/imgs/lines_h128/f04-096-05.jpg
data/imgs/lines_h128/f04-096-06.jpg
data/imgs/lines_h128/f04-096-07.jpg
data/imgs/lines_h128/f04-096-08.jpg
data/imgs/lines_h128/f04-096-09.jpg
data/imgs/lines_h128/f04-096-10.jpg
data/imgs/lines_h128/f04-100-00.jpg
data/imgs/lines_h128/f04-100-01.jpg
data/imgs/lines_h128/f04-100-02.jpg
data/imgs/lines_h128/f04-100-03.jpg
data/imgs/lines_h128/f04-100-04.jpg
data/imgs/lines_h128/f04-100-05.jpg
data/imgs/lines_h128/f04-100-06.jpg
data/imgs/lines_h128/f04-100-07.jpg
data/imgs/lines_h128/f04-100-08.jpg
data/imgs/lines_h128/f04-100-09.jpg
data/imgs/lines_h128/f04-100-10.jpg
data/imgs/lines_h128/f07-028b-00.jpg
data/imgs/lines_h128/f07-028b-01.jpg
data/imgs/lines_h128/f07-028b-02.jpg
data/imgs/lines_h128/f07-028b-03.jpg
data/imgs/lines_h128/f07-028b-04.jpg
data/imgs/lines_h128/f07-028b-05.jpg
data/imgs/lines_h128/f07-028b-06.jpg
data/imgs/lines_h128/f07-028b-07.jpg
data/imgs/lines_h128/f07-028b-08.jpg
data/imgs/lines_h128/f07-028b-09.jpg
data/imgs/lines_h128/f07-028b-10.jpg
data/imgs/lines_h128/f07-028b-11.jpg
data/imgs/lines_h128/f07-032b-00.jpg
data/imgs/lines_h128/f07-032b-01.jpg
data/imgs/lines_h128/f07-032b-02.jpg
data/imgs/lines_h128/f07-032b-03.jpg
data/imgs/lines_h128/f07-032b-04.jpg
data/imgs/lines_h128/f07-032b-05.jpg
data/imgs/lines_h128/f07-032b-06.jpg
data/imgs/lines_h128/f07-032b-07.jpg
data/imgs/lines_h128/f07-032b-08.jpg
data/imgs/lines_h128/f07-032b-09.jpg
data/imgs/lines_h128/f07-032b-10.jpg
data/imgs/lines_h128/f07-032b-11.jpg
data/imgs/lines_h128/f07-036-00.jpg
data/imgs/lines_h128/f07-036-01.jpg
data/imgs/lines_h128/f07-036-02.jpg
data/imgs/lines_h128/f07-036-03.jpg
data/imgs/lines_h128/f07-036-04.jpg
data/imgs/lines_h128/f07-036-05.jpg
data/imgs/lines_h128/f07-036-06.jpg
data/imgs/lines_h128/f07-036-07.jpg
data/imgs/lines_h128/f07-036-08.jpg
data/imgs/lines_h128/f07-039b-00.jpg
data/imgs/lines_h128/f07-039b-01.jpg
data/imgs/lines_h128/f07-039b-02.jpg
data/imgs/lines_h128/f07-039b-03.jpg
data/imgs/lines_h128/f07-039b-04.jpg
data/imgs/lines_h128/f07-039b-05.jpg
data/imgs/lines_h128/f07-039b-06.jpg
data/imgs/lines_h128/f07-039b-07.jpg
data/imgs/lines_h128/f07-039b-08.jpg
data/imgs/lines_h128/f07-042b-00.jpg
data/imgs/lines_h128/f07-042b-01.jpg
data/imgs/lines_h128/f07-042b-02.jpg
data/imgs/lines_h128/f07-042b-03.jpg
data/imgs/lines_h128/f07-042b-04.jpg
data/imgs/lines_h128/f07-042b-05.jpg
data/imgs/lines_h128/f07-042b-06.jpg
data/imgs/lines_h128/f07-042b-07.jpg
data/imgs/lines_h128/f07-046b-00.jpg
data/imgs/lines_h128/f07-046b-01.jpg
data/imgs/lines_h128/f07-046b-02.jpg
data/imgs/lines_h128/f07-046b-03.jpg
data/imgs/lines_h128/f07-046b-04.jpg
data/imgs/lines_h128/f07-046b-05.jpg
data/imgs/lines_h128/f07-046b-06.jpg
data/imgs/lines_h128/f07-046b-07.jpg
data/imgs/lines_h128/f07-046b-08.jpg
data/imgs/lines_h128/g01-083-00.jpg
data/imgs/lines_h128/g01-083-01.jpg
data/imgs/lines_h128/g01-083-02.jpg
data/imgs/lines_h128/g01-083-03.jpg
data/imgs/lines_h128/g01-083-04.jpg
data/imgs/lines_h128/g01-083-05.jpg
data/imgs/lines_h128/g01-083-06.jpg
data/imgs/lines_h128/g01-083-07.jpg
data/imgs/lines_h128/g01-083-08.jpg
data/imgs/lines_h128/g01-083-09.jpg
data/imgs/lines_h128/g01-083-10.jpg
data/imgs/lines_h128/g03-016-00.jpg
data/imgs/lines_h128/g03-016-01.jpg
data/imgs/lines_h128/g03-016-02.jpg
data/imgs/lines_h128/g03-016-03.jpg
data/imgs/lines_h128/g03-016-04.jpg
data/imgs/lines_h128/g03-016-05.jpg
data/imgs/lines_h128/g03-016-06.jpg
data/imgs/lines_h128/g03-016-07.jpg
data/imgs/lines_h128/g03-016-08.jpg
data/imgs/lines_h128/g03-058-00.jpg
data/imgs/lines_h128/g03-058-01.jpg
data/imgs/lines_h128/g03-058-02.jpg
data/imgs/lines_h128/g03-058-03.jpg
data/imgs/lines_h128/g03-058-04.jpg
data/imgs/lines_h128/g03-058-05.jpg
data/imgs/lines_h128/g03-058-06.jpg
data/imgs/lines_h128/g03-058-07.jpg
data/imgs/lines_h128/g04-036-00.jpg
data/imgs/lines_h128/g04-036-01.jpg
data/imgs/lines_h128/g04-036-02.jpg
data/imgs/lines_h128/g04-036-03.jpg
data/imgs/lines_h128/g04-036-04.jpg
data/imgs/lines_h128/g04-036-05.jpg
data/imgs/lines_h128/g04-036-06.jpg
data/imgs/lines_h128/g04-036-07.jpg
data/imgs/lines_h128/g04-039-00.jpg
data/imgs/lines_h128/g04-039-01.jpg
data/imgs/lines_h128/g04-039-02.jpg
data/imgs/lines_h128/g04-039-03.jpg
data/imgs/lines_h128/g04-039-04.jpg
data/imgs/lines_h128/g04-039-05.jpg
data/imgs/lines_h128/g04-039-06.jpg
data/imgs/lines_h128/g04-039-07.jpg
data/imgs/lines_h128/g04-055-00.jpg
data/imgs/lines_h128/g04-055-01.jpg
data/imgs/lines_h128/g04-055-02.jpg
data/imgs/lines_h128/g04-055-03.jpg
data/imgs/lines_h128/g04-055-04.jpg
data/imgs/lines_h128/g04-055-05.jpg
data/imgs/lines_h128/g04-055-06.jpg
data/imgs/lines_h128/g04-055-07.jpg
data/imgs/lines_h128/g04-055-08.jpg
data/imgs/lines_h128/g04-055-09.jpg
data/imgs/lines_h128/g04-060-00.jpg
data/imgs/lines_h128/g04-060-01.jpg
data/imgs/lines_h128/g04-060-02.jpg
data/imgs/lines_h128/g04-060-03.jpg
data/imgs/lines_h128/g04-060-04.jpg
data/imgs/lines_h128/g04-060-05.jpg
data/imgs/lines_h128/g04-060-06.jpg
data/imgs/lines_h128/g04-063-00.jpg
data/imgs/lines_h128/g04-063-01.jpg
data/imgs/lines_h128/g04-063-02.jpg
data/imgs/lines_h128/g04-063-03.jpg
data/imgs/lines_h128/g04-063-04.jpg
data/imgs/lines_h128/g04-063-05.jpg
data/imgs/lines_h128/g04-063-06.jpg
data/imgs/lines_h128/g04-063-07.jpg
data/imgs/lines_h128/g04-063-08.jpg
data/imgs/lines_h128/g04-063-09.jpg
data/imgs/lines_h128/h01-004-00.jpg
data/imgs/lines_h128/h01-004-01.jpg
data/imgs/lines_h128/h01-004-02.jpg
data/imgs/lines_h128/h01-004-03.jpg
data/imgs/lines_h128/h01-004-04.jpg
data/imgs/lines_h128/h01-004-05.jpg
data/imgs/lines_h128/m01-090-00.jpg
data/imgs/lines_h128/m01-090-01.jpg
data/imgs/lines_h128/m01-090-02.jpg
data/imgs/lines_h128/m01-090-03.jpg
data/imgs/lines_h128/m01-090-04.jpg
data/imgs/lines_h128/m01-090-05.jpg
data/imgs/lines_h128/m01-090-06.jpg
data/imgs/lines_h128/m01-090-07.jpg
data/imgs/lines_h128/m01-115-00.jpg
data/imgs/lines_h128/m01-115-01.jpg
data/imgs/lines_h128/m01-115-02.jpg
data/imgs/lines_h128/m01-115-03.jpg
data/imgs/lines_h128/m01-115-04.jpg
data/imgs/lines_h128/m01-115-05.jpg
data/imgs/lines_h128/m01-115-06.jpg
data/imgs/lines_h128/m01-115-07.jpg
data/imgs/lines_h128/m01-115-08.jpg
data/imgs/lines_h128/m01-160-00.jpg
data/imgs/lines_h128/m01-160-01.jpg
data/imgs/lines_h128/m01-160-02.jpg
data/imgs/lines_h128/m01-160-03.jpg
data/imgs/lines_h128/m01-160-04.jpg
data/imgs/lines_h128/m01-160-05.jpg
data/imgs/lines_h128/m01-160-06.jpg
data/imgs/lines_h128/m02-052-00.jpg
data/imgs/lines_h128/m02-052-01.jpg
data/imgs/lines_h128/m02-052-02.jpg
data/imgs/lines_h128/m02-052-03.jpg
data/imgs/lines_h128/m02-052-04.jpg
data/imgs/lines_h128/m02-052-05.jpg
data/imgs/lines_h128/m02-052-06.jpg
data/imgs/lines_h128/m02-075-00.jpg
data/imgs/lines_h128/m02-075-01.jpg
data/imgs/lines_h128/m02-075-02.jpg
data/imgs/lines_h128/m02-075-03.jpg
data/imgs/lines_h128/m02-075-04.jpg
data/imgs/lines_h128/m02-075-05.jpg
data/imgs/lines_h128/m02-075-06.jpg
data/imgs/lines_h128/m02-075-07.jpg
data/imgs/lines_h128/m02-083-00.jpg
data/imgs/lines_h128/m02-083-01.jpg
data/imgs/lines_h128/m02-083-02.jpg
data/imgs/lines_h128/m02-083-03.jpg
data/imgs/lines_h128/m02-083-04.jpg
data/imgs/lines_h128/m02-083-05.jpg
data/imgs/lines_h128/m02-083-06.jpg
data/imgs/lines_h128/m02-083-07.jpg
data/imgs/lines_h128/m02-083-08.jpg
data/imgs/lines_h128/m02-083-09.jpg
data/imgs/lines_h128/m02-083-10.jpg
data/imgs/lines_h128/m02-083-11.jpg
data/imgs/lines_h128/m02-090-00.jpg
data/imgs/lines_h128/m02-090-01.jpg
data/imgs/lines_h128/m02-090-02.jpg
data/imgs/lines_h128/m02-090-03.jpg
data/imgs/lines_h128/m02-090-04.jpg
data/imgs/lines_h128/m02-090-05.jpg
data/imgs/lines_h128/m02-090-06.jpg
data/imgs/lines_h128/m02-090-07.jpg
data/imgs/lines_h128/m02-090-08.jpg
data/imgs/lines_h128/m02-090-09.jpg
data/imgs/lines_h128/m02-090-10.jpg
data/imgs/lines_h128/m02-102-00.jpg
data/imgs/lines_h128/m02-102-01.jpg
data/imgs/lines_h128/m02-102-02.jpg
data/imgs/lines_h128/m02-102-03.jpg
data/imgs/lines_h128/m02-102-04.jpg
data/imgs/lines_h128/m02-102-05.jpg
data/imgs/lines_h128/m02-102-06.jpg
data/imgs/lines_h128/m02-102-07.jpg
data/imgs/lines_h128/m02-102-08.jpg
data/imgs/lines_h128/m02-102-09.jpg
data/imgs/lines_h128/m02-102-10.jpg
data/imgs/lines_h128/m02-106-00.jpg
data/imgs/lines_h128/m02-106-01.jpg
data/imgs/lines_h128/m02-106-02.jpg
data/imgs/lines_h128/m02-106-03.jpg
data/imgs/lines_h128/m02-106-04.jpg
data/imgs/lines_h128/m02-106-05.jpg
data/imgs/lines_h128/m02-106-06.jpg
data/imgs/lines_h128/m02-106-07.jpg
data/imgs/lines_h128/m02-106-08.jpg
data/imgs/lines_h128/m02-106-09.jpg
data/imgs/lines_h128/m03-062-00.jpg
data/imgs/lines_h128/m03-062-01.jpg
data/imgs/lines_h128/m03-062-02.jpg
data/imgs/lines_h128/m03-062-03.jpg
data/imgs/lines_h128/m03-062-04.jpg
data/imgs/lines_h128/m03-062-05.jpg
data/imgs/lines_h128/m03-062-06.jpg
data/imgs/lines_h128/m03-062-07.jpg
data/imgs/lines_h128/m03-062-08.jpg
data/imgs/lines_h128/m03-095-00.jpg
data/imgs/lines_h128/m03-095-01.jpg
data/imgs/lines_h128/m03-095-02.jpg
data/imgs/lines_h128/m03-095-03.jpg
data/imgs/lines_h128/m03-095-04.jpg
data/imgs/lines_h128/m03-095-05.jpg
data/imgs/lines_h128/m03-095-06.jpg
data/imgs/lines_h128/m03-095-07.jpg
data/imgs/lines_h128/m03-095-08.jpg
data/imgs/lines_h128/m04-000-00.jpg
data/imgs/lines_h128/m04-000-01.jpg
data/imgs/lines_h128/m04-000-02.jpg
data/imgs/lines_h128/m04-000-03.jpg
data/imgs/lines_h128/m04-000-04.jpg
data/imgs/lines_h128/m04-000-05.jpg
data/imgs/lines_h128/m04-000-06.jpg
data/imgs/lines_h128/m04-000-07.jpg
data/imgs/lines_h128/m04-007-00.jpg
data/imgs/lines_h128/m04-007-01.jpg
data/imgs/lines_h128/m04-007-02.jpg
data/imgs/lines_h128/m04-007-03.jpg
data/imgs/lines_h128/m04-007-04.jpg
data/imgs/lines_h128/m04-007-05.jpg
data/imgs/lines_h128/m04-007-06.jpg
data/imgs/lines_h128/m04-007-07.jpg
data/imgs/lines_h128/m04-007-08.jpg
data/imgs/lines_h128/m04-007-09.jpg
data/imgs/lines_h128/m04-012-00.jpg
data/imgs/lines_h128/m04-012-01.jpg
data/imgs/lines_h128/m04-012-02.jpg
data/imgs/lines_h128/m04-012-03.jpg
data/imgs/lines_h128/m04-012-04.jpg
data/imgs/lines_h128/m04-012-05.jpg
data/imgs/lines_h128/m04-012-06.jpg
data/imgs/lines_h128/m04-012-07.jpg
data/imgs/lines_h128/m04-012-08.jpg
data/imgs/lines_h128/m04-012-09.jpg
data/imgs/lines_h128/m04-019-00.jpg
data/imgs/lines_h128/m04-019-01.jpg
data/imgs/lines_h128/m04-019-02.jpg
data/imgs/lines_h128/m04-019-03.jpg
data/imgs/lines_h128/m04-019-04.jpg
data/imgs/lines_h128/m04-019-05.jpg
data/imgs/lines_h128/m04-019-06.jpg
data/imgs/lines_h128/m04-019-07.jpg
data/imgs/lines_h128/m04-024-00.jpg
data/imgs/lines_h128/m04-024-01.jpg
data/imgs/lines_h128/m04-024-02.jpg
data/imgs/lines_h128/m04-024-03.jpg
data/imgs/lines_h128/m04-024-04.jpg
data/imgs/lines_h128/m04-024-05.jpg
data/imgs/lines_h128/m04-024-06.jpg
data/imgs/lines_h128/m04-024-07.jpg
data/imgs/lines_h128/m04-145-00.jpg
data/imgs/lines_h128/m04-145-01.jpg
data/imgs/lines_h128/m04-145-02.jpg
data/imgs/lines_h128/m04-145-03.jpg
data/imgs/lines_h128/m04-145-04.jpg
data/imgs/lines_h128/m04-145-05.jpg
data/imgs/lines_h128/m04-145-06.jpg
data/imgs/lines_h128/m04-145-07.jpg
data/imgs/lines_h128/m04-152-00.jpg
data/imgs/lines_h128/m04-152-01.jpg
data/imgs/lines_h128/m04-152-02.jpg
data/imgs/lines_h128/m04-152-03.jpg
data/imgs/lines_h128/m04-152-04.jpg
data/imgs/lines_h128/m04-152-05.jpg
data/imgs/lines_h128/m04-152-06.jpg
data/imgs/lines_h128/m04-152-07.jpg
data/imgs/lines_h128/m04-164-00.jpg
data/imgs/lines_h128/m04-164-01.jpg
data/imgs/lines_h128/m04-164-02.jpg
data/imgs/lines_h128/m04-164-03.jpg
data/imgs/lines_h128/m04-164-04.jpg
data/imgs/lines_h128/m04-164-05.jpg
data/imgs/lines_h128/m04-164-06.jpg
data/imgs/lines_h128/m04-164-07.jpg
data/imgs/lines_h128/m04-180-00.jpg
data/imgs/lines_h128/m04-180-01.jpg
data/imgs/lines_h128/m04-180-02.jpg
data/imgs/lines_h128/m04-180-03.jpg
data/imgs/lines_h128/m04-180-04.jpg
data/imgs/lines_h128/m04-180-05.jpg
data/imgs/lines_h128/m04-180-06.jpg
data/imgs/lines_h128/m04-180-07.jpg
data/imgs/lines_h128/m04-190-00.jpg
data/imgs/lines_h128/m04-190-01.jpg
data/imgs/lines_h128/m04-190-02.jpg
data/imgs/lines_h128/m04-190-03.jpg
data/imgs/lines_h128/m04-190-04.jpg
data/imgs/lines_h128/m04-190-05.jpg
data/imgs/lines_h128/m04-190-06.jpg
data/imgs/lines_h128/m04-190-07.jpg
data/imgs/lines_h128/m04-190-08.jpg
data/imgs/lines_h128/m04-190-09.jpg
data/imgs/lines_h128/m04-200-00.jpg
data/imgs/lines_h128/m04-200-01.jpg
data/imgs/lines_h128/m04-200-02.jpg
data/imgs/lines_h128/m04-200-03.jpg
data/imgs/lines_h128/m04-200-04.jpg
data/imgs/lines_h128/m04-200-05.jpg
data/imgs/lines_h128/m04-200-06.jpg
data/imgs/lines_h128/m04-200-07.jpg
data/imgs/lines_h128/m04-209-00.jpg
data/imgs/lines_h128/m04-209-01.jpg
data/imgs/lines_h128/m04-209-02.jpg
data/imgs/lines_h128/m04-209-03.jpg
data/imgs/lines_h128/m04-209-04.jpg
data/imgs/lines_h128/m04-209-05.jpg
data/imgs/lines_h128/m04-209-06.jpg
data/imgs/lines_h128/m04-216-00.jpg
data/imgs/lines_h128/m04-216-01.jpg
data/imgs/lines_h128/m04-216-02.jpg
data/imgs/lines_h128/m04-216-03.jpg
data/imgs/lines_h128/m04-216-04.jpg
data/imgs/lines_h128/m04-216-05.jpg
data/imgs/lines_h128/m04-216-06.jpg
data/imgs/lines_h128/m04-222-00.jpg
data/imgs/lines_h128/m04-222-01.jpg
data/imgs/lines_h128/m04-222-02.jpg
data/imgs/lines_h128/m04-222-03.jpg
data/imgs/lines_h128/m04-222-04.jpg
data/imgs/lines_h128/m04-222-05.jpg
data/imgs/lines_h128/m04-222-06.jpg
data/imgs/lines_h128/m04-222-07.jpg
data/imgs/lines_h128/m04-251-00.jpg
data/imgs/lines_h128/m04-251-01.jpg
data/imgs/lines_h128/m04-251-02.jpg
data/imgs/lines_h128/m06-019-00.jpg
data/imgs/lines_h128/m06-019-01.jpg
data/imgs/lines_h128/m06-019-02.jpg
data/imgs/lines_h128/m06-019-03.jpg
data/imgs/lines_h128/m06-019-04.jpg
data/imgs/lines_h128/m06-019-05.jpg
data/imgs/lines_h128/m06-019-06.jpg
data/imgs/lines_h128/m06-019-07.jpg
data/imgs/lines_h128/n02-000-00.jpg
data/imgs/lines_h128/n02-000-01.jpg
data/imgs/lines_h128/n02-000-02.jpg
data/imgs/lines_h128/n02-000-03.jpg
data/imgs/lines_h128/n02-000-04.jpg
data/imgs/lines_h128/n02-000-05.jpg
data/imgs/lines_h128/n02-000-06.jpg
data/imgs/lines_h128/n02-000-07.jpg
data/imgs/lines_h128/n02-016-00.jpg
data/imgs/lines_h128/n02-016-01.jpg
data/imgs/lines_h128/n02-016-02.jpg
data/imgs/lines_h128/n02-016-03.jpg
data/imgs/lines_h128/n02-016-04.jpg
data/imgs/lines_h128/n02-016-05.jpg
data/imgs/lines_h128/n02-016-06.jpg
data/imgs/lines_h128/n02-016-07.jpg
data/imgs/lines_h128/n02-082a-00.jpg
data/imgs/lines_h128/n02-082a-01.jpg
data/imgs/lines_h128/n02-082a-02.jpg
data/imgs/lines_h128/n02-082a-03.jpg
data/imgs/lines_h128/n02-082a-04.jpg
data/imgs/lines_h128/n02-082a-05.jpg
data/imgs/lines_h128/n02-082a-06.jpg
data/imgs/lines_h128/n02-098-00.jpg
data/imgs/lines_h128/n02-098-01.jpg
data/imgs/lines_h128/n02-098-02.jpg
data/imgs/lines_h128/n02-098-03.jpg
data/imgs/lines_h128/n02-098-04.jpg
data/imgs/lines_h128/n02-098-05.jpg
data/imgs/lines_h128/n02-098-06.jpg
data/imgs/lines_h128/n02-098-07.jpg
data/imgs/lines_h128/n03-079-00.jpg
data/imgs/lines_h128/n03-079-01.jpg
data/imgs/lines_h128/n03-079-02.jpg
data/imgs/lines_h128/n03-079-03.jpg
data/imgs/lines_h128/n03-079-04.jpg
data/imgs/lines_h128/n03-079-05.jpg
data/imgs/lines_h128/n03-079-06.jpg
data/imgs/lines_h128/n03-082-00.jpg
data/imgs/lines_h128/n03-082-01.jpg
data/imgs/lines_h128/n03-082-02.jpg
data/imgs/lines_h128/n03-082-03.jpg
data/imgs/lines_h128/n03-082-04.jpg
data/imgs/lines_h128/n03-082-05.jpg
data/imgs/lines_h128/n03-082-06.jpg
data/imgs/lines_h128/n03-082-07.jpg
data/imgs/lines_h128/n03-091-00.jpg
data/imgs/lines_h128/n03-091-01.jpg
data/imgs/lines_h128/n03-091-02.jpg
data/imgs/lines_h128/n03-091-03.jpg
data/imgs/lines_h128/n03-091-04.jpg
data/imgs/lines_h128/n03-091-05.jpg
data/imgs/lines_h128/n03-091-06.jpg
data/imgs/lines_h128/n03-091-07.jpg
data/imgs/lines_h128/n03-091-08.jpg
data/imgs/lines_h128/n04-015-00.jpg
data/imgs/lines_h128/n04-015-01.jpg
data/imgs/lines_h128/n04-015-02.jpg
data/imgs/lines_h128/n04-015-03.jpg
data/imgs/lines_h128/n04-015-04.jpg
data/imgs/lines_h128/n04-015-05.jpg
data/imgs/lines_h128/n04-015-06.jpg
data/imgs/lines_h128/n04-015-07.jpg
data/imgs/lines_h128/n04-022-00.jpg
data/imgs/lines_h128/n04-022-01.jpg
data/imgs/lines_h128/n04-022-02.jpg
data/imgs/lines_h128/n04-022-03.jpg
data/imgs/lines_h128/n04-022-04.jpg
data/imgs/lines_h128/n04-022-05.jpg
data/imgs/lines_h128/n04-022-06.jpg
data/imgs/lines_h128/n04-022-07.jpg
data/imgs/lines_h128/n04-031-00.jpg
data/imgs/lines_h128/n04-031-01.jpg
data/imgs/lines_h128/n04-031-02.jpg
data/imgs/lines_h128/n04-031-03.jpg
data/imgs/lines_h128/n04-031-04.jpg
data/imgs/lines_h128/n04-031-05.jpg
data/imgs/lines_h128/n04-031-06.jpg
data/imgs/lines_h128/n04-031-07.jpg
data/imgs/lines_h128/n04-039-00.jpg
data/imgs/lines_h128/n04-039-01.jpg
data/imgs/lines_h128/n04-039-02.jpg
data/imgs/lines_h128/n04-039-03.jpg
data/imgs/lines_h128/n04-039-04.jpg
data/imgs/lines_h128/n04-039-05.jpg
data/imgs/lines_h128/n04-044-00.jpg
data/imgs/lines_h128/n04-044-01.jpg
data/imgs/lines_h128/n04-044-02.jpg
data/imgs/lines_h128/n04-044-03.jpg
data/imgs/lines_h128/n04-044-04.jpg
data/imgs/lines_h128/n04-044-05.jpg
data/imgs/lines_h128/n04-044-06.jpg
data/imgs/lines_h128/n04-044-07.jpg
data/imgs/lines_h128/n04-044-08.jpg
data/imgs/lines_h128/n04-044-09.jpg
data/imgs/lines_h128/n04-044-10.jpg
data/imgs/lines_h128/n04-171-00.jpg
data/imgs/lines_h128/n04-171-01.jpg
data/imgs/lines_h128/n04-171-02.jpg
data/imgs/lines_h128/n04-171-03.jpg
data/imgs/lines_h128/n04-171-04.jpg
data/imgs/lines_h128/n04-171-05.jpg
data/imgs/lines_h128/n04-171-06.jpg
data/imgs/lines_h128/n04-183-00.jpg
data/imgs/lines_h128/n04-183-01.jpg
data/imgs/lines_h128/n04-183-02.jpg
data/imgs/lines_h128/n04-183-03.jpg
data/imgs/lines_h128/n04-183-04.jpg
data/imgs/lines_h128/n04-183-05.jpg
data/imgs/lines_h128/n04-183-06.jpg
data/imgs/lines_h128/n04-190-00.jpg
data/imgs/lines_h128/n04-190-01.jpg
data/imgs/lines_h128/n04-190-02.jpg
data/imgs/lines_h128/n04-190-03.jpg
data/imgs/lines_h128/n04-190-04.jpg
data/imgs/lines_h128/n04-190-05.jpg
data/imgs/lines_h128/n04-190-06.jpg
data/imgs/lines_h128/n04-195-00.jpg
data/imgs/lines_h128/n04-195-01.jpg
data/imgs/lines_h128/n04-195-02.jpg
data/imgs/lines_h128/n04-195-03.jpg
data/imgs/lines_h128/n04-195-04.jpg
data/imgs/lines_h128/n04-195-05.jpg
data/imgs/lines_h128/n06-148-00.jpg
data/imgs/lines_h128/n06-148-01.jpg
data/imgs/lines_h128/n06-148-02.jpg
data/imgs/lines_h128/n06-148-03.jpg
data/imgs/lines_h128/n06-148-04.jpg
data/imgs/lines_h128/n06-148-05.jpg
data/imgs/lines_h128/n06-148-06.jpg
data/imgs/lines_h128/n06-148-07.jpg
data/imgs/lines_h128/n06-148-08.jpg
data/imgs/lines_h128/n06-156-00.jpg
data/imgs/lines_h128/n06-156-01.jpg
data/imgs/lines_h128/n06-156-02.jpg
data/imgs/lines_h128/n06-156-03.jpg
data/imgs/lines_h128/n06-156-04.jpg
data/imgs/lines_h128/n06-156-05.jpg
data/imgs/lines_h128/n06-156-06.jpg
data/imgs/lines_h128/n06-156-07.jpg
data/imgs/lines_h128/n06-163-00.jpg
data/imgs/lines_h128/n06-163-01.jpg
data/imgs/lines_h128/n06-163-02.jpg
data/imgs/lines_h128/n06-163-03.jpg
data/imgs/lines_h128/n06-163-04.jpg
data/imgs/lines_h128/n06-163-05.jpg
data/imgs/lines_h128/n06-163-06.jpg
data/imgs/lines_h128/n06-163-07.jpg
data/imgs/lines_h128/n06-163-08.jpg
data/imgs/lines_h128/n06-163-09.jpg
data/imgs/lines_h128/n06-169-00.jpg
data/imgs/lines_h128/n06-169-01.jpg
data/imgs/lines_h128/n06-169-02.jpg
data/imgs/lines_h128/n06-169-03.jpg
data/imgs/lines_h128/n06-169-04.jpg
data/imgs/lines_h128/n06-169-05.jpg
data/imgs/lines_h128/n06-169-06.jpg
data/imgs/lines_h128/n06-169-07.jpg
data/imgs/lines_h128/n06-169-08.jpg
data/imgs/lines_h128/n06-175-00.jpg
data/imgs/lines_h128/n06-175-01.jpg
data/imgs/lines_h128/n06-175-02.jpg
data/imgs/lines_h128/n06-175-03.jpg
data/imgs/lines_h128/n06-175-04.jpg
data/imgs/lines_h128/n06-175-05.jpg
data/imgs/lines_h128/n06-175-06.jpg
data/imgs/lines_h128/n06-175-07.jpg
data/imgs/lines_h128/n06-175-08.jpg
data/imgs/lines_h128/n06-175-09.jpg
data/imgs/lines_h128/n06-182-00.jpg
data/imgs/lines_h128/n06-182-01.jpg
data/imgs/lines_h128/n06-182-02.jpg
data/imgs/lines_h128/n06-182-03.jpg
data/imgs/lines_h128/n06-182-04.jpg
data/imgs/lines_h128/n06-182-05.jpg
data/imgs/lines_h128/n06-182-06.jpg
data/imgs/lines_h128/n06-182-07.jpg
data/imgs/lines_h128/n06-186-00.jpg
data/imgs/lines_h128/n06-186-01.jpg
data/imgs/lines_h128/n06-186-02.jpg
data/imgs/lines_h128/n06-186-03.jpg
data/imgs/lines_h128/n06-186-04.jpg
data/imgs/lines_h128/n06-186-05.jpg
data/imgs/lines_h128/n06-186-06.jpg
data/imgs/lines_h128/n06-186-07.jpg
data/imgs/lines_h128/n06-194-00.jpg
data/imgs/lines_h128/n06-194-01.jpg
data/imgs/lines_h128/n06-194-02.jpg
data/imgs/lines_h128/n06-194-03.jpg
data/imgs/lines_h128/n06-194-04.jpg
data/imgs/lines_h128/n06-194-05.jpg
data/imgs/lines_h128/n06-194-06.jpg
data/imgs/lines_h128/n06-194-07.jpg
data/imgs/lines_h128/n06-201-00.jpg
data/imgs/lines_h128/n06-201-01.jpg
data/imgs/lines_h128/n06-201-02.jpg
data/imgs/lines_h128/n06-201-03.jpg
data/imgs/lines_h128/n06-201-04.jpg
data/imgs/lines_h128/n06-201-05.jpg
data/imgs/lines_h128/n06-201-06.jpg
data/imgs/lines_h128/n06-201-07.jpg
data/imgs/lines_h128/p02-017-00.jpg
data/imgs/lines_h128/p02-017-01.jpg
data/imgs/lines_h128/p02-017-02.jpg
data/imgs/lines_h128/p02-017-03.jpg
data/imgs/lines_h128/p02-017-04.jpg
data/imgs/lines_h128/p02-017-05.jpg
data/imgs/lines_h128/p02-017-06.jpg
data/imgs/lines_h128/p02-017-07.jpg
data/imgs/lines_h128/p02-121-00.jpg
data/imgs/lines_h128/p02-121-01.jpg
data/imgs/lines_h128/p02-121-02.jpg
data/imgs/lines_h128/p02-121-03.jpg
data/imgs/lines_h128/p02-121-04.jpg
data/imgs/lines_h128/p02-121-05.jpg
data/imgs/lines_h128/p02-127-00.jpg
data/imgs/lines_h128/p02-127-01.jpg
data/imgs/lines_h128/p02-127-02.jpg
data/imgs/lines_h128/p02-127-03.jpg
data/imgs/lines_h128/p02-127-04.jpg
data/imgs/lines_h128/p02-127-05.jpg
data/imgs/lines_h128/p02-127-06.jpg
data/imgs/lines_h128/p02-131-00.jpg
data/imgs/lines_h128/p02-131-01.jpg
data/imgs/lines_h128/p02-131-02.jpg
data/imgs/lines_h128/p02-131-03.jpg
data/imgs/lines_h128/p02-131-04.jpg
data/imgs/lines_h128/p02-131-05.jpg
data/imgs/lines_h128/p02-131-06.jpg
data/imgs/lines_h128/p02-131-07.jpg
data/imgs/lines_h128/p02-155-00.jpg
data/imgs/lines_h128/p02-155-01.jpg
data/imgs/lines_h128/p03-004-00.jpg
data/imgs/lines_h128/p03-004-01.jpg
data/imgs/lines_h128/p03-004-02.jpg
data/imgs/lines_h128/p03-004-03.jpg
data/imgs/lines_h128/p03-004-04.jpg
data/imgs/lines_h128/p03-004-05.jpg
data/imgs/lines_h128/p03-004-06.jpg
data/imgs/lines_h128/p03-004-07.jpg
data/imgs/lines_h128/p03-004-08.jpg
data/imgs/lines_h128/p03-004-09.jpg
data/imgs/lines_h128/p03-004-10.jpg
data/imgs/lines_h128/p03-004-11.jpg
data/imgs/lines_h128/p03-009-00.jpg
data/imgs/lines_h128/p03-009-01.jpg
data/imgs/lines_h128/p03-009-02.jpg
data/imgs/lines_h128/p03-009-03.jpg
data/imgs/lines_h128/p03-009-04.jpg
data/imgs/lines_h128/p03-009-05.jpg
data/imgs/lines_h128/p03-009-06.jpg
data/imgs/lines_h128/p03-057-00.jpg
data/imgs/lines_h128/p03-057-01.jpg
data/imgs/lines_h128/p03-057-02.jpg
data/imgs/lines_h128/p03-057-03.jpg
data/imgs/lines_h128/p03-057-04.jpg
data/imgs/lines_h128/p03-057-05.jpg
data/imgs/lines_h128/p03-057-06.jpg
data/imgs/lines_h128/p03-057-07.jpg
data/imgs/lines_h128/p03-057-08.jpg
data/imgs/lines_h128/p03-057-09.jpg
data/imgs/lines_h128/p03-069-00.jpg
data/imgs/lines_h128/p03-069-01.jpg
data/imgs/lines_h128/p03-069-02.jpg
data/imgs/lines_h128/p03-069-03.jpg
data/imgs/lines_h128/p03-069-04.jpg
data/imgs/lines_h128/p03-069-05.jpg
data/imgs/lines_h128/p03-069-06.jpg
data/imgs/lines_h128/p03-087-00.jpg
data/imgs/lines_h128/p03-087-01.jpg
data/imgs/lines_h128/p03-087-02.jpg
data/imgs/lines_h128/p03-087-03.jpg
data/imgs/lines_h128/p03-087-04.jpg
data/imgs/lines_h128/p03-087-05.jpg
data/imgs/lines_h128/p03-087-06.jpg
data/imgs/lines_h128/p03-087-07.jpg
data/imgs/lines_h128/p03-087-08.jpg
data/imgs/lines_h128/p03-087-09.jpg
data/imgs/lines_h128/p03-087-10.jpg
data/imgs/lines_h128/p03-096-00.jpg
data/imgs/lines_h128/p03-096-01.jpg
data/imgs/lines_h128/p03-096-02.jpg
data/imgs/lines_h128/p03-096-03.jpg
data/imgs/lines_h128/p03-096-04.jpg
data/imgs/lines_h128/p03-096-05.jpg
data/imgs/lines_h128/p03-096-06.jpg
data/imgs/lines_h128/p03-096-07.jpg
data/imgs/lines_h128/p03-096-08.jpg
data/imgs/lines_h128/p03-096-09.jpg
data/imgs/lines_h128/p03-103-00.jpg
data/imgs/lines_h128/p03-103-01.jpg
data/imgs/lines_h128/p03-103-02.jpg
data/imgs/lines_h128/p03-103-03.jpg
data/imgs/lines_h128/p03-103-04.jpg
data/imgs/lines_h128/p03-103-05.jpg
data/imgs/lines_h128/p03-103-06.jpg
data/imgs/lines_h128/p03-103-07.jpg
data/imgs/lines_h128/p03-112-00.jpg
data/imgs/lines_h128/p03-112-01.jpg
data/imgs/lines_h128/p03-112-02.jpg
data/imgs/lines_h128/p03-112-03.jpg
data/imgs/lines_h128/p03-112-04.jpg
data/imgs/lines_h128/p03-112-05.jpg
data/imgs/lines_h128/p03-112-06.jpg
data/imgs/lines_h128/p03-112-07.jpg
data/imgs/lines_h128/p03-112-08.jpg
data/imgs/lines_h128/p03-112-09.jpg
data/imgs/lines_h128/p03-121-00.jpg
data/imgs/lines_h128/p03-121-01.jpg
data/imgs/lines_h128/p03-121-02.jpg
data/imgs/lines_h128/p03-121-03.jpg
data/imgs/lines_h128/p03-121-04.jpg
data/imgs/lines_h128/p03-121-05.jpg
data/imgs/lines_h128/p03-121-06.jpg
data/imgs/lines_h128/p03-135-00.jpg
data/imgs/lines_h128/p03-135-01.jpg
data/imgs/lines_h128/p03-135-02.jpg
data/imgs/lines_h128/p03-135-03.jpg
data/imgs/lines_h128/p03-135-04.jpg
data/imgs/lines_h128/p03-135-05.jpg
data/imgs/lines_h128/p03-135-06.jpg
data/imgs/lines_h128/p03-142-00.jpg
data/imgs/lines_h128/p03-142-01.jpg
data/imgs/lines_h128/p03-142-02.jpg
data/imgs/lines_h128/p03-142-03.jpg
data/imgs/lines_h128/p03-142-04.jpg
data/imgs/lines_h128/p03-142-05.jpg
data/imgs/lines_h128/p03-142-06.jpg
data/imgs/lines_h128/p03-151-00.jpg
data/imgs/lines_h128/p03-151-01.jpg
data/imgs/lines_h128/p03-151-02.jpg
data/imgs/lines_h128/p03-151-03.jpg
data/imgs/lines_h128/p03-151-04.jpg
data/imgs/lines_h128/p03-151-05.jpg
data/imgs/lines_h128/p03-151-06.jpg
data/imgs/lines_h128/p03-151-07.jpg
data/imgs/lines_h128/p03-158-00.jpg
data/imgs/lines_h128/p03-158-01.jpg
data/imgs/lines_h128/p03-158-02.jpg
data/imgs/lines_h128/p03-158-03.jpg
data/imgs/lines_h128/p03-158-04.jpg
data/imgs/lines_h128/p03-158-05.jpg
data/imgs/lines_h128/p03-158-06.jpg
data/imgs/lines_h128/p03-158-07.jpg
data/imgs/lines_h128/p03-185-00.jpg
data/imgs/lines_h128/p03-185-01.jpg
data/imgs/lines_h128/p03-185-02.jpg
data/imgs/lines_h128/p03-185-03.jpg
data/imgs/lines_h128/p03-185-04.jpg
data/imgs/lines_h128/p03-185-05.jpg
data/imgs/lines_h128/p03-185-06.jpg
data/imgs/lines_h128/p03-185-07.jpg
data/imgs/lines_h128/p03-185-08.jpg
